2025-03-09 01:05:39,481 - INFO - Бот запущен
2025-03-09 01:05:39,482 - INFO - Start polling
2025-03-09 01:05:39,852 - INFO - Run polling for bot @BasirIbnAmir_bot id=7691882365 - 'Bot ibn Amir'
2025-03-09 01:05:40,005 - INFO - Update id=671249460 is not handled. Duration 0 ms by bot id=7691882365
2025-03-09 01:05:40,006 - INFO - Update id=671249461 is not handled. Duration 0 ms by bot id=7691882365
2025-03-09 01:05:40,007 - INFO - Update id=671249462 is not handled. Duration 0 ms by bot id=7691882365
2025-03-09 01:05:40,008 - INFO - Update id=671249463 is not handled. Duration 0 ms by bot id=7691882365
2025-03-09 01:05:40,011 - INFO - Update id=671249466 is not handled. Duration 0 ms by bot id=7691882365
2025-03-09 01:05:40,465 - INFO - Update id=671249464 is handled. Duration 456 ms by bot id=7691882365
2025-03-09 01:05:40,467 - INFO - Update id=671249465 is handled. Duration 457 ms by bot id=7691882365
2025-03-09 01:06:21,157 - INFO - Update id=671249467 is handled. Duration 118 ms by bot id=7691882365
2025-03-09 01:06:23,562 - INFO - Update id=671249468 is not handled. Duration 0 ms by bot id=7691882365
2025-03-09 01:07:01,619 - INFO - Update id=671249469 is handled. Duration 177 ms by bot id=7691882365
2025-03-09 01:08:06,527 - ERROR - Failed to fetch updates - TelegramConflictError: Telegram server says - Conflict: terminated by other getUpdates request; make sure that only one bot instance is running
2025-03-09 01:08:06,528 - WARNING - Sleep for 1.000000 seconds and try again... (tryings = 0, bot id = 7691882365)
2025-03-09 01:08:11,932 - ERROR - Failed to fetch updates - TelegramConflictError: Telegram server says - Conflict: terminated by other getUpdates request; make sure that only one bot instance is running
2025-03-09 01:08:11,933 - WARNING - Sleep for 1.313984 seconds and try again... (tryings = 1, bot id = 7691882365)
2025-03-09 01:08:17,859 - ERROR - Failed to fetch updates - TelegramConflictError: Telegram server says - Conflict: terminated by other getUpdates request; make sure that only one bot instance is running
2025-03-09 01:08:17,862 - WARNING - Sleep for 1.706517 seconds and try again... (tryings = 2, bot id = 7691882365)
2025-03-09 01:08:24,630 - ERROR - Failed to fetch updates - TelegramConflictError: Telegram server says - Conflict: terminated by other getUpdates request; make sure that only one bot instance is running
2025-03-09 01:08:24,631 - WARNING - Sleep for 2.030512 seconds and try again... (tryings = 3, bot id = 7691882365)
2025-03-09 01:08:32,402 - ERROR - Failed to fetch updates - TelegramConflictError: Telegram server says - Conflict: terminated by other getUpdates request; make sure that only one bot instance is running
2025-03-09 01:08:32,404 - WARNING - Sleep for 2.515895 seconds and try again... (tryings = 4, bot id = 7691882365)
2025-03-09 01:08:41,501 - ERROR - Failed to fetch updates - TelegramConflictError: Telegram server says - Conflict: terminated by other getUpdates request; make sure that only one bot instance is running
2025-03-09 01:08:41,502 - WARNING - Sleep for 3.309571 seconds and try again... (tryings = 5, bot id = 7691882365)
2025-03-09 01:08:47,693 - INFO - Connection established (tryings = 6, bot id = 7691882365)
2025-03-09 01:08:47,694 - INFO - Update id=671249470 is not handled. Duration 0 ms by bot id=7691882365
2025-03-09 01:08:49,325 - ERROR - Failed to fetch updates - TelegramConflictError: Telegram server says - Conflict: terminated by other getUpdates request; make sure that only one bot instance is running
2025-03-09 01:08:49,326 - WARNING - Sleep for 1.000000 seconds and try again... (tryings = 0, bot id = 7691882365)
2025-03-09 01:08:58,652 - ERROR - Failed to fetch updates - TelegramConflictError: Telegram server says - Conflict: terminated by other getUpdates request; make sure that only one bot instance is running
2025-03-09 01:08:58,654 - WARNING - Sleep for 1.259559 seconds and try again... (tryings = 1, bot id = 7691882365)
2025-03-09 01:09:08,386 - ERROR - Failed to fetch updates - TelegramConflictError: Telegram server says - Conflict: terminated by other getUpdates request; make sure that only one bot instance is running
2025-03-09 01:09:08,389 - WARNING - Sleep for 1.485126 seconds and try again... (tryings = 2, bot id = 7691882365)
2025-03-09 01:09:18,302 - ERROR - Failed to fetch updates - TelegramConflictError: Telegram server says - Conflict: terminated by other getUpdates request; make sure that only one bot instance is running
2025-03-09 01:09:18,305 - WARNING - Sleep for 1.965389 seconds and try again... (tryings = 3, bot id = 7691882365)
2025-03-09 01:09:28,560 - ERROR - Failed to fetch updates - TelegramConflictError: Telegram server says - Conflict: terminated by other getUpdates request; make sure that only one bot instance is running
2025-03-09 01:09:28,561 - WARNING - Sleep for 2.568179 seconds and try again... (tryings = 4, bot id = 7691882365)
2025-03-09 01:09:39,427 - ERROR - Failed to fetch updates - TelegramConflictError: Telegram server says - Conflict: terminated by other getUpdates request; make sure that only one bot instance is running
2025-03-09 01:09:39,427 - WARNING - Sleep for 3.144464 seconds and try again... (tryings = 5, bot id = 7691882365)
2025-03-09 01:09:44,773 - INFO - Connection established (tryings = 6, bot id = 7691882365)
2025-03-09 01:09:44,774 - INFO - Update id=671249471 is not handled. Duration 0 ms by bot id=7691882365
2025-03-09 01:09:47,784 - ERROR - Failed to fetch updates - TelegramConflictError: Telegram server says - Conflict: terminated by other getUpdates request; make sure that only one bot instance is running
2025-03-09 01:09:47,785 - WARNING - Sleep for 1.000000 seconds and try again... (tryings = 0, bot id = 7691882365)
2025-03-09 01:09:53,057 - ERROR - Failed to fetch updates - TelegramConflictError: Telegram server says - Conflict: terminated by other getUpdates request; make sure that only one bot instance is running
2025-03-09 01:09:53,062 - WARNING - Sleep for 1.181145 seconds and try again... (tryings = 1, bot id = 7691882365)
2025-03-09 01:09:58,819 - ERROR - Failed to fetch updates - TelegramConflictError: Telegram server says - Conflict: terminated by other getUpdates request; make sure that only one bot instance is running
2025-03-09 01:09:58,819 - WARNING - Sleep for 1.562563 seconds and try again... (tryings = 2, bot id = 7691882365)
2025-03-09 01:10:05,405 - ERROR - Failed to fetch updates - TelegramConflictError: Telegram server says - Conflict: terminated by other getUpdates request; make sure that only one bot instance is running
2025-03-09 01:10:05,406 - WARNING - Sleep for 2.088118 seconds and try again... (tryings = 3, bot id = 7691882365)
2025-03-09 01:10:12,555 - ERROR - Failed to fetch updates - TelegramConflictError: Telegram server says - Conflict: terminated by other getUpdates request; make sure that only one bot instance is running
2025-03-09 01:10:12,556 - WARNING - Sleep for 2.598941 seconds and try again... (tryings = 4, bot id = 7691882365)
2025-03-09 01:10:17,333 - ERROR - Failed to fetch updates - TelegramConflictError: Telegram server says - Conflict: terminated by other getUpdates request; make sure that only one bot instance is running
2025-03-09 01:10:17,335 - WARNING - Sleep for 3.430247 seconds and try again... (tryings = 5, bot id = 7691882365)
2025-03-09 01:10:24,498 - ERROR - Failed to fetch updates - TelegramConflictError: Telegram server says - Conflict: terminated by other getUpdates request; make sure that only one bot instance is running
2025-03-09 01:10:24,499 - WARNING - Sleep for 4.247964 seconds and try again... (tryings = 6, bot id = 7691882365)
2025-03-09 01:10:32,345 - ERROR - Failed to fetch updates - TelegramConflictError: Telegram server says - Conflict: terminated by other getUpdates request; make sure that only one bot instance is running
2025-03-09 01:10:32,347 - WARNING - Sleep for 4.931654 seconds and try again... (tryings = 7, bot id = 7691882365)
2025-03-09 01:10:41,877 - ERROR - Failed to fetch updates - TelegramConflictError: Telegram server says - Conflict: terminated by other getUpdates request; make sure that only one bot instance is running
2025-03-09 01:10:41,878 - WARNING - Sleep for 4.877140 seconds and try again... (tryings = 8, bot id = 7691882365)
